Determining if the Q_WS_WIN exist failed with the following output:
Change Dir: /home/mdalal/code/mlcv-mazerunner/OpenTLD/build/CMakeFiles/CMakeTmp

Run Build Command:"/usr/bin/make" "cmTC_0f9f6/fast"
/usr/bin/make -f CMakeFiles/cmTC_0f9f6.dir/build.make CMakeFiles/cmTC_0f9f6.dir/build
make[1]: Entering directory '/home/mdalal/code/mlcv-mazerunner/OpenTLD/build/CMakeFiles/CMakeTmp'
Building CXX object CMakeFiles/cmTC_0f9f6.dir/CheckSymbolExists.cxx.o
/usr/bin/c++    -I/usr/include/qt4   -o CMakeFiles/cmTC_0f9f6.dir/CheckSymbolExists.cxx.o -c /home/mdalal/code/mlcv-mazerunner/OpenTLD/build/CMakeFiles/CMakeTmp/CheckSymbolExists.cxx
/home/mdalal/code/mlcv-mazerunner/OpenTLD/build/CMakeFiles/CMakeTmp/CheckSymbolExists.cxx: In function ‘int main(int, char**)’:
/home/mdalal/code/mlcv-mazerunner/OpenTLD/build/CMakeFiles/CMakeTmp/CheckSymbolExists.cxx:8:19: error: ‘Q_WS_WIN’ was not declared in this scope
   return ((int*)(&Q_WS_WIN))[argc];
                   ^
CMakeFiles/cmTC_0f9f6.dir/build.make:65: recipe for target 'CMakeFiles/cmTC_0f9f6.dir/CheckSymbolExists.cxx.o' failed
make[1]: *** [CMakeFiles/cmTC_0f9f6.dir/CheckSymbolExists.cxx.o] Error 1
make[1]: Leaving directory '/home/mdalal/code/mlcv-mazerunner/OpenTLD/build/CMakeFiles/CMakeTmp'
Makefile:126: recipe for target 'cmTC_0f9f6/fast' failed
make: *** [cmTC_0f9f6/fast] Error 2

File /home/mdalal/code/mlcv-mazerunner/OpenTLD/build/CMakeFiles/CMakeTmp/CheckSymbolExists.cxx:
/* */
#include <QtCore/qglobal.h>

int main(int argc, char** argv)
{
  (void)argv;
#ifndef Q_WS_WIN
  return ((int*)(&Q_WS_WIN))[argc];
#else
  (void)argc;
  return 0;
#endif
}

Determining if the Q_WS_QWS exist failed with the following output:
Change Dir: /home/mdalal/code/mlcv-mazerunner/OpenTLD/build/CMakeFiles/CMakeTmp

Run Build Command:"/usr/bin/make" "cmTC_2b014/fast"
/usr/bin/make -f CMakeFiles/cmTC_2b014.dir/build.make CMakeFiles/cmTC_2b014.dir/build
make[1]: Entering directory '/home/mdalal/code/mlcv-mazerunner/OpenTLD/build/CMakeFiles/CMakeTmp'
Building CXX object CMakeFiles/cmTC_2b014.dir/CheckSymbolExists.cxx.o
/usr/bin/c++    -I/usr/include/qt4   -o CMakeFiles/cmTC_2b014.dir/CheckSymbolExists.cxx.o -c /home/mdalal/code/mlcv-mazerunner/OpenTLD/build/CMakeFiles/CMakeTmp/CheckSymbolExists.cxx
/home/mdalal/code/mlcv-mazerunner/OpenTLD/build/CMakeFiles/CMakeTmp/CheckSymbolExists.cxx: In function ‘int main(int, char**)’:
/home/mdalal/code/mlcv-mazerunner/OpenTLD/build/CMakeFiles/CMakeTmp/CheckSymbolExists.cxx:8:19: error: ‘Q_WS_QWS’ was not declared in this scope
   return ((int*)(&Q_WS_QWS))[argc];
                   ^
CMakeFiles/cmTC_2b014.dir/build.make:65: recipe for target 'CMakeFiles/cmTC_2b014.dir/CheckSymbolExists.cxx.o' failed
make[1]: *** [CMakeFiles/cmTC_2b014.dir/CheckSymbolExists.cxx.o] Error 1
make[1]: Leaving directory '/home/mdalal/code/mlcv-mazerunner/OpenTLD/build/CMakeFiles/CMakeTmp'
Makefile:126: recipe for target 'cmTC_2b014/fast' failed
make: *** [cmTC_2b014/fast] Error 2

File /home/mdalal/code/mlcv-mazerunner/OpenTLD/build/CMakeFiles/CMakeTmp/CheckSymbolExists.cxx:
/* */
#include <QtCore/qglobal.h>

int main(int argc, char** argv)
{
  (void)argv;
#ifndef Q_WS_QWS
  return ((int*)(&Q_WS_QWS))[argc];
#else
  (void)argc;
  return 0;
#endif
}

Determining if the Q_WS_MAC exist failed with the following output:
Change Dir: /home/mdalal/code/mlcv-mazerunner/OpenTLD/build/CMakeFiles/CMakeTmp

Run Build Command:"/usr/bin/make" "cmTC_49b16/fast"
/usr/bin/make -f CMakeFiles/cmTC_49b16.dir/build.make CMakeFiles/cmTC_49b16.dir/build
make[1]: Entering directory '/home/mdalal/code/mlcv-mazerunner/OpenTLD/build/CMakeFiles/CMakeTmp'
Building CXX object CMakeFiles/cmTC_49b16.dir/CheckSymbolExists.cxx.o
/usr/bin/c++    -I/usr/include/qt4   -o CMakeFiles/cmTC_49b16.dir/CheckSymbolExists.cxx.o -c /home/mdalal/code/mlcv-mazerunner/OpenTLD/build/CMakeFiles/CMakeTmp/CheckSymbolExists.cxx
/home/mdalal/code/mlcv-mazerunner/OpenTLD/build/CMakeFiles/CMakeTmp/CheckSymbolExists.cxx: In function ‘int main(int, char**)’:
/home/mdalal/code/mlcv-mazerunner/OpenTLD/build/CMakeFiles/CMakeTmp/CheckSymbolExists.cxx:8:19: error: ‘Q_WS_MAC’ was not declared in this scope
   return ((int*)(&Q_WS_MAC))[argc];
                   ^
CMakeFiles/cmTC_49b16.dir/build.make:65: recipe for target 'CMakeFiles/cmTC_49b16.dir/CheckSymbolExists.cxx.o' failed
make[1]: *** [CMakeFiles/cmTC_49b16.dir/CheckSymbolExists.cxx.o] Error 1
make[1]: Leaving directory '/home/mdalal/code/mlcv-mazerunner/OpenTLD/build/CMakeFiles/CMakeTmp'
Makefile:126: recipe for target 'cmTC_49b16/fast' failed
make: *** [cmTC_49b16/fast] Error 2

File /home/mdalal/code/mlcv-mazerunner/OpenTLD/build/CMakeFiles/CMakeTmp/CheckSymbolExists.cxx:
/* */
#include <QtCore/qglobal.h>

int main(int argc, char** argv)
{
  (void)argv;
#ifndef Q_WS_MAC
  return ((int*)(&Q_WS_MAC))[argc];
#else
  (void)argc;
  return 0;
#endif
}

